# JRE version: Java(TM) SE Runtime Environment (8.0_171-b11) (build 1.8.0_171-b11)
# Java VM: Java HotSpot(TM) 64-Bit Server VM (25.171-b11 mixed mode windows-amd64 compressed oops)
Heap:
 PSYoungGen      total 74240K, used 64923K [0x0000000780980000, 0x0000000785400000, 0x00000007c0000000)
  eden space 73728K, 87% used [0x0000000780980000,0x00000007848a6ff8,0x0000000785180000)
  from space 512K, 50% used [0x0000000785380000,0x00000007853c0000,0x0000000785400000)
  to   space 1024K, 0% used [0x0000000785200000,0x0000000785200000,0x0000000785300000)
 ParOldGen       total 171008K, used 70046K [0x0000000701c00000, 0x000000070c300000, 0x0000000780980000)
  object space 171008K, 40% used [0x0000000701c00000,0x0000000706067888,0x000000070c300000)
 Metaspace       used 17550K, capacity 17736K, committed 18048K, reserved 1064960K
  class space    used 1724K, capacity 1809K, committed 1920K, reserved 1048576K
GC Heap History (10 events):
Event: 11.067 GC heap before
{Heap before GC invocations=44 (full 2):
 PSYoungGen      total 61952K, used 224K [0x0000000780980000, 0x0000000784d00000, 0x00000007c0000000)
  eden space 60928K, 0% used [0x0000000780980000,0x0000000780980000,0x0000000784500000)
  from space 1024K, 21% used [0x0000000784600000,0x0000000784638000,0x0000000784700000)
  to   space 1024K, 0% used [0x0000000784500000,0x0000000784500000,0x0000000784600000)
 ParOldGen       total 138752K, used 89990K [0x0000000701c00000, 0x000000070a380000, 0x0000000780980000)
  object space 138752K, 64% used [0x0000000701c00000,0x00000007073e1828,0x000000070a380000)
 Metaspace       used 17303K, capacity 17540K, committed 17792K, reserved 1064960K
  class space    used 1721K, capacity 1809K, committed 1920K, reserved 1048576K
Event: 11.090 GC heap after
Heap after GC invocations=44 (full 2):
 PSYoungGen      total 61952K, used 0K [0x0000000780980000, 0x0000000784d00000, 0x00000007c0000000)
  eden space 60928K, 0% used [0x0000000780980000,0x0000000780980000,0x0000000784500000)
  from space 1024K, 0% used [0x0000000784600000,0x0000000784600000,0x0000000784700000)
  to   space 1024K, 0% used [0x0000000784500000,0x0000000784500000,0x0000000784600000)
 ParOldGen       total 171008K, used 45650K [0x0000000701c00000, 0x000000070c300000, 0x0000000780980000)
  object space 171008K, 26% used [0x0000000701c00000,0x0000000704894848,0x000000070c300000)
 Metaspace       used 17303K, capacity 17540K, committed 17792K, reserved 1064960K
  class space    used 1721K, capacity 1809K, committed 1920K, reserved 1048576K
}
Event: 11.519 GC heap before
{Heap before GC invocations=45 (full 2):
 PSYoungGen      total 61952K, used 59482K [0x0000000780980000, 0x0000000784d00000, 0x00000007c0000000)
  eden space 60928K, 97% used [0x0000000780980000,0x0000000784396b00,0x0000000784500000)
  from space 1024K, 0% used [0x0000000784600000,0x0000000784600000,0x0000000784700000)
  to   space 1024K, 0% used [0x0000000784500000,0x0000000784500000,0x0000000784600000)
 ParOldGen       total 171008K, used 45650K [0x0000000701c00000, 0x000000070c300000, 0x0000000780980000)
  object space 171008K, 26% used [0x0000000701c00000,0x0000000704894848,0x000000070c300000)
 Metaspace       used 17336K, capacity 17540K, committed 17792K, reserved 1064960K
  class space    used 1724K, capacity 1809K, committed 1920K, reserved 1048576K
Event: 11.521 GC heap after
Heap after GC invocations=45 (full 2):
 PSYoungGen      total 61952K, used 288K [0x0000000780980000, 0x0000000784e80000, 0x00000007c0000000)
  eden space 60928K, 0% used [0x0000000780980000,0x0000000780980000,0x0000000784500000)
  from space 1024K, 28% used [0x0000000784500000,0x0000000784548000,0x0000000784600000)
  to   space 1024K, 0% used [0x0000000784d80000,0x0000000784d80000,0x0000000784e80000)
 ParOldGen       total 171008K, used 51733K [0x0000000701c00000, 0x000000070c300000, 0x0000000780980000)
  object space 171008K, 30% used [0x0000000701c00000,0x0000000704e85458,0x000000070c300000)
 Metaspace       used 17336K, capacity 17540K, committed 17792K, reserved 1064960K
  class space    used 1724K, capacity 1809K, committed 1920K, reserved 1048576K
}
Event: 11.925 GC heap before
{Heap before GC invocations=46 (full 2):
 PSYoungGen      total 61952K, used 59042K [0x0000000780980000, 0x0000000784e80000, 0x00000007c0000000)
  eden space 60928K, 96% used [0x0000000780980000,0x00000007842e0b58,0x0000000784500000)
  from space 1024K, 28% used [0x0000000784500000,0x0000000784548000,0x0000000784600000)
  to   space 1024K, 0% used [0x0000000784d80000,0x0000000784d80000,0x0000000784e80000)
 ParOldGen       total 171008K, used 51733K [0x0000000701c00000, 0x000000070c300000, 0x0000000780980000)
  object space 171008K, 30% used [0x0000000701c00000,0x0000000704e85458,0x000000070c300000)
 Metaspace       used 17344K, capacity 17540K, committed 17792K, reserved 1064960K
  class space    used 1724K, capacity 1809K, committed 1920K, reserved 1048576K
Event: 11.928 GC heap after
Heap after GC invocations=46 (full 2):
 PSYoungGen      total 68608K, used 224K [0x0000000780980000, 0x0000000784e00000, 0x00000007c0000000)
  eden space 68096K, 0% used [0x0000000780980000,0x0000000780980000,0x0000000784c00000)
  from space 512K, 43% used [0x0000000784d80000,0x0000000784db8000,0x0000000784e00000)
  to   space 1024K, 0% used [0x0000000784c00000,0x0000000784c00000,0x0000000784d00000)
 ParOldGen       total 171008K, used 57848K [0x0000000701c00000, 0x000000070c300000, 0x0000000780980000)
  object space 171008K, 33% used [0x0000000701c00000,0x000000070547e068,0x000000070c300000)
 Metaspace       used 17344K, capacity 17540K, committed 17792K, reserved 1064960K
  class space    used 1724K, capacity 1809K, committed 1920K, reserved 1048576K
}
Event: 12.421 GC heap before
{Heap before GC invocations=47 (full 2):
 PSYoungGen      total 68608K, used 65796K [0x0000000780980000, 0x0000000784e00000, 0x00000007c0000000)
  eden space 68096K, 96% used [0x0000000780980000,0x0000000784989050,0x0000000784c00000)
  from space 512K, 43% used [0x0000000784d80000,0x0000000784db8000,0x0000000784e00000)
  to   space 1024K, 0% used [0x0000000784c00000,0x0000000784c00000,0x0000000784d00000)
 ParOldGen       total 171008K, used 57848K [0x0000000701c00000, 0x000000070c300000, 0x0000000780980000)
  object space 171008K, 33% used [0x0000000701c00000,0x000000070547e068,0x000000070c300000)
 Metaspace       used 17349K, capacity 17540K, committed 17792K, reserved 1064960K
  class space    used 1724K, capacity 1809K, committed 1920K, reserved 1048576K
Event: 12.424 GC heap after
Heap after GC invocations=47 (full 2):
 PSYoungGen      total 69120K, used 288K [0x0000000780980000, 0x0000000785480000, 0x00000007c0000000)
  eden space 68096K, 0% used [0x0000000780980000,0x0000000780980000,0x0000000784c00000)
  from space 1024K, 28% used [0x0000000784c00000,0x0000000784c48000,0x0000000784d00000)
  to   space 1024K, 0% used [0x0000000785380000,0x0000000785380000,0x0000000785480000)
 ParOldGen       total 171008K, used 63963K [0x0000000701c00000, 0x000000070c300000, 0x0000000780980000)
  object space 171008K, 37% used [0x0000000701c00000,0x0000000705a76c78,0x000000070c300000)
 Metaspace       used 17349K, capacity 17540K, committed 17792K, reserved 1064960K
  class space    used 1724K, capacity 1809K, committed 1920K, reserved 1048576K
}
Event: 48.805 GC heap before
{Heap before GC invocations=48 (full 2):
 PSYoungGen      total 69120K, used 66104K [0x0000000780980000, 0x0000000785480000, 0x00000007c0000000)
  eden space 68096K, 96% used [0x0000000780980000,0x00000007849c6058,0x0000000784c00000)
  from space 1024K, 28% used [0x0000000784c00000,0x0000000784c48000,0x0000000784d00000)
  to   space 1024K, 0% used [0x0000000785380000,0x0000000785380000,0x0000000785480000)
 ParOldGen       total 171008K, used 63963K [0x0000000701c00000, 0x000000070c300000, 0x0000000780980000)
  object space 171008K, 37% used [0x0000000701c00000,0x0000000705a76c78,0x000000070c300000)
 Metaspace       used 17545K, capacity 17736K, committed 18048K, reserved 1064960K
  class space    used 1724K, capacity 1809K, committed 1920K, reserved 1048576K
Event: 48.807 GC heap after
Heap after GC invocations=48 (full 2):
 PSYoungGen      total 74240K, used 256K [0x0000000780980000, 0x0000000785400000, 0x00000007c0000000)
  eden space 73728K, 0% used [0x0000000780980000,0x0000000780980000,0x0000000785180000)
  from space 512K, 50% used [0x0000000785380000,0x00000007853c0000,0x0000000785400000)
  to   space 1024K, 0% used [0x0000000785200000,0x0000000785200000,0x0000000785300000)
 ParOldGen       total 171008K, used 70046K [0x0000000701c00000, 0x000000070c300000, 0x0000000780980000)
  object space 171008K, 40% used [0x0000000701c00000,0x0000000706067888,0x000000070c300000)
 Metaspace       used 17545K, capacity 17736K, committed 18048K, reserved 1064960K
  class space    used 1724K, capacity 1809K, committed 1920K, reserved 1048576K
}

