# JRE version: Java(TM) SE Runtime Environment (8.0_171-b11) (build 1.8.0_171-b11)
# Java VM: Java HotSpot(TM) 64-Bit Server VM (25.171-b11 mixed mode windows-amd64 compressed oops)
Heap:
 PSYoungGen      total 71680K, used 49071K [0x0000000780980000, 0x0000000785800000, 0x00000007c0000000)
  eden space 70144K, 69% used [0x0000000780980000,0x000000078396bde0,0x0000000784e00000)
  from space 1536K, 0% used [0x0000000784f80000,0x0000000784f80000,0x0000000785100000)
  to   space 1536K, 0% used [0x0000000784e00000,0x0000000784e00000,0x0000000784f80000)
 ParOldGen       total 152064K, used 45942K [0x0000000701c00000, 0x000000070b080000, 0x0000000780980000)
  object space 152064K, 30% used [0x0000000701c00000,0x00000007048ddbc8,0x000000070b080000)
 Metaspace       used 17373K, capacity 17604K, committed 17792K, reserved 1064960K
  class space    used 1724K, capacity 1809K, committed 1920K, reserved 1048576K
GC Heap History (10 events):
Event: 9.998 GC heap before
{Heap before GC invocations=34 (full 0):
 PSYoungGen      total 58368K, used 56992K [0x0000000780980000, 0x0000000784a80000, 0x00000007c0000000)
  eden space 56832K, 100% used [0x0000000780980000,0x0000000784100000,0x0000000784100000)
  from space 1536K, 10% used [0x0000000784780000,0x00000007847a8000,0x0000000784900000)
  to   space 1536K, 0% used [0x0000000784900000,0x0000000784900000,0x0000000784a80000)
 ParOldGen       total 131072K, used 3897K [0x0000000701c00000, 0x0000000709c00000, 0x0000000780980000)
  object space 131072K, 2% used [0x0000000701c00000,0x0000000701fce5d8,0x0000000709c00000)
 Metaspace       used 17132K, capacity 17316K, committed 17408K, reserved 1064960K
  class space    used 1689K, capacity 1777K, committed 1792K, reserved 1048576K
Event: 9.999 GC heap after
Heap after GC invocations=34 (full 0):
 PSYoungGen      total 56320K, used 128K [0x0000000780980000, 0x0000000784980000, 0x00000007c0000000)
  eden space 55808K, 0% used [0x0000000780980000,0x0000000780980000,0x0000000784000000)
  from space 512K, 25% used [0x0000000784900000,0x0000000784920000,0x0000000784980000)
  to   space 1536K, 0% used [0x0000000784680000,0x0000000784680000,0x0000000784800000)
 ParOldGen       total 131072K, used 3897K [0x0000000701c00000, 0x0000000709c00000, 0x0000000780980000)
  object space 131072K, 2% used [0x0000000701c00000,0x0000000701fce5d8,0x0000000709c00000)
 Metaspace       used 17132K, capacity 17316K, committed 17408K, reserved 1064960K
  class space    used 1689K, capacity 1777K, committed 1792K, reserved 1048576K
}
Event: 10.252 GC heap before
{Heap before GC invocations=35 (full 0):
 PSYoungGen      total 56320K, used 54438K [0x0000000780980000, 0x0000000784980000, 0x00000007c0000000)
  eden space 55808K, 97% used [0x0000000780980000,0x0000000783e89970,0x0000000784000000)
  from space 512K, 25% used [0x0000000784900000,0x0000000784920000,0x0000000784980000)
  to   space 1536K, 0% used [0x0000000784680000,0x0000000784680000,0x0000000784800000)
 ParOldGen       total 131072K, used 11809K [0x0000000701c00000, 0x0000000709c00000, 0x0000000780980000)
  object space 131072K, 9% used [0x0000000701c00000,0x00000007027887e8,0x0000000709c00000)
 Metaspace       used 17301K, capacity 17540K, committed 17792K, reserved 1064960K
  class space    used 1721K, capacity 1809K, committed 1920K, reserved 1048576K
Event: 10.267 GC heap after
Heap after GC invocations=35 (full 0):
 PSYoungGen      total 64000K, used 288K [0x0000000780980000, 0x0000000785100000, 0x00000007c0000000)
  eden space 62464K, 0% used [0x0000000780980000,0x0000000780980000,0x0000000784680000)
  from space 1536K, 18% used [0x0000000784680000,0x00000007846c8000,0x0000000784800000)
  to   space 1536K, 0% used [0x0000000784f80000,0x0000000784f80000,0x0000000785100000)
 ParOldGen       total 131072K, used 60426K [0x0000000701c00000, 0x0000000709c00000, 0x0000000780980000)
  object space 131072K, 46% used [0x0000000701c00000,0x0000000705702858,0x0000000709c00000)
 Metaspace       used 17301K, capacity 17540K, committed 17792K, reserved 1064960K
  class space    used 1721K, capacity 1809K, committed 1920K, reserved 1048576K
}
Event: 11.712 GC heap before
{Heap before GC invocations=36 (full 1):
 PSYoungGen      total 64000K, used 62752K [0x0000000780980000, 0x0000000785100000, 0x00000007c0000000)
  eden space 62464K, 100% used [0x0000000780980000,0x0000000784680000,0x0000000784680000)
  from space 1536K, 18% used [0x0000000784680000,0x00000007846c8000,0x0000000784800000)
  to   space 1536K, 0% used [0x0000000784f80000,0x0000000784f80000,0x0000000785100000)
 ParOldGen       total 149504K, used 145478K [0x0000000701c00000, 0x000000070ae00000, 0x0000000780980000)
  object space 149504K, 97% used [0x0000000701c00000,0x000000070aa11af0,0x000000070ae00000)
 Metaspace       used 17354K, capacity 17540K, committed 17792K, reserved 1064960K
  class space    used 1724K, capacity 1809K, committed 1920K, reserved 1048576K
Event: 11.732 GC heap after
Heap after GC invocations=36 (full 1):
 PSYoungGen      total 64000K, used 0K [0x0000000780980000, 0x0000000785100000, 0x00000007c0000000)
  eden space 62464K, 0% used [0x0000000780980000,0x0000000780980000,0x0000000784680000)
  from space 1536K, 0% used [0x0000000784680000,0x0000000784680000,0x0000000784800000)
  to   space 1536K, 0% used [0x0000000784f80000,0x0000000784f80000,0x0000000785100000)
 ParOldGen       total 103424K, used 31903K [0x0000000701c00000, 0x0000000708100000, 0x0000000780980000)
  object space 103424K, 30% used [0x0000000701c00000,0x0000000703b27f40,0x0000000708100000)
 Metaspace       used 17354K, capacity 17540K, committed 17792K, reserved 1064960K
  class space    used 1724K, capacity 1809K, committed 1920K, reserved 1048576K
}
Event: 12.426 GC heap before
{Heap before GC invocations=37 (full 1):
 PSYoungGen      total 64000K, used 62464K [0x0000000780980000, 0x0000000785100000, 0x00000007c0000000)
  eden space 62464K, 100% used [0x0000000780980000,0x0000000784680000,0x0000000784680000)
  from space 1536K, 0% used [0x0000000784680000,0x0000000784680000,0x0000000784800000)
  to   space 1536K, 0% used [0x0000000784f80000,0x0000000784f80000,0x0000000785100000)
 ParOldGen       total 103424K, used 68356K [0x0000000701c00000, 0x0000000708100000, 0x0000000780980000)
  object space 103424K, 66% used [0x0000000701c00000,0x0000000705ec1010,0x0000000708100000)
 Metaspace       used 17360K, capacity 17540K, committed 17792K, reserved 1064960K
  class space    used 1724K, capacity 1809K, committed 1920K, reserved 1048576K
Event: 12.440 GC heap after
Heap after GC invocations=37 (full 1):
 PSYoungGen      total 71680K, used 256K [0x0000000780980000, 0x0000000785800000, 0x00000007c0000000)
  eden space 70144K, 0% used [0x0000000780980000,0x0000000780980000,0x0000000784e00000)
  from space 1536K, 16% used [0x0000000784f80000,0x0000000784fc0000,0x0000000785100000)
  to   space 1536K, 0% used [0x0000000784e00000,0x0000000784e00000,0x0000000784f80000)
 ParOldGen       total 115712K, used 110318K [0x0000000701c00000, 0x0000000708d00000, 0x0000000780980000)
  object space 115712K, 95% used [0x0000000701c00000,0x00000007087bba70,0x0000000708d00000)
 Metaspace       used 17360K, capacity 17540K, committed 17792K, reserved 1064960K
  class space    used 1724K, capacity 1809K, committed 1920K, reserved 1048576K
}
Event: 12.440 GC heap before
{Heap before GC invocations=38 (full 2):
 PSYoungGen      total 71680K, used 256K [0x0000000780980000, 0x0000000785800000, 0x00000007c0000000)
  eden space 70144K, 0% used [0x0000000780980000,0x0000000780980000,0x0000000784e00000)
  from space 1536K, 16% used [0x0000000784f80000,0x0000000784fc0000,0x0000000785100000)
  to   space 1536K, 0% used [0x0000000784e00000,0x0000000784e00000,0x0000000784f80000)
 ParOldGen       total 115712K, used 110318K [0x0000000701c00000, 0x0000000708d00000, 0x0000000780980000)
  object space 115712K, 95% used [0x0000000701c00000,0x00000007087bba70,0x0000000708d00000)
 Metaspace       used 17360K, capacity 17540K, committed 17792K, reserved 1064960K
  class space    used 1724K, capacity 1809K, committed 1920K, reserved 1048576K
Event: 12.455 GC heap after
Heap after GC invocations=38 (full 2):
 PSYoungGen      total 71680K, used 0K [0x0000000780980000, 0x0000000785800000, 0x00000007c0000000)
  eden space 70144K, 0% used [0x0000000780980000,0x0000000780980000,0x0000000784e00000)
  from space 1536K, 0% used [0x0000000784f80000,0x0000000784f80000,0x0000000785100000)
  to   space 1536K, 0% used [0x0000000784e00000,0x0000000784e00000,0x0000000784f80000)
 ParOldGen       total 152064K, used 45942K [0x0000000701c00000, 0x000000070b080000, 0x0000000780980000)
  object space 152064K, 30% used [0x0000000701c00000,0x00000007048ddbc8,0x000000070b080000)
 Metaspace       used 17360K, capacity 17540K, committed 17792K, reserved 1064960K
  class space    used 1724K, capacity 1809K, committed 1920K, reserved 1048576K
}

