# JRE version: Java(TM) SE Runtime Environment (8.0_171-b11) (build 1.8.0_171-b11)
# Java VM: Java HotSpot(TM) 64-Bit Server VM (25.171-b11 mixed mode windows-amd64 compressed oops)
Heap:
 PSYoungGen      total 41472K, used 29683K [0x0000000780980000, 0x0000000783680000, 0x00000007c0000000)
  eden space 38912K, 76% used [0x0000000780980000,0x000000078266cea0,0x0000000782f80000)
  from space 2560K, 2% used [0x0000000783400000,0x0000000783410000,0x0000000783680000)
  to   space 3584K, 0% used [0x0000000782f80000,0x0000000782f80000,0x0000000783300000)
 ParOldGen       total 131072K, used 2352K [0x0000000701c00000, 0x0000000709c00000, 0x0000000780980000)
  object space 131072K, 1% used [0x0000000701c00000,0x0000000701e4c328,0x0000000709c00000)
 Metaspace       used 13891K, capacity 14102K, committed 14464K, reserved 1062912K
  class space    used 1269K, capacity 1349K, committed 1408K, reserved 1048576K
GC Heap History (10 events):
Event: 15.359 GC heap before
{Heap before GC invocations=14 (full 0):
 PSYoungGen      total 41984K, used 41600K [0x0000000780980000, 0x0000000783a00000, 0x00000007c0000000)
  eden space 41472K, 100% used [0x0000000780980000,0x0000000783200000,0x0000000783200000)
  from space 512K, 25% used [0x0000000783280000,0x00000007832a0000,0x0000000783300000)
  to   space 4096K, 0% used [0x0000000783600000,0x0000000783600000,0x0000000783a00000)
 ParOldGen       total 131072K, used 2272K [0x0000000701c00000, 0x0000000709c00000, 0x0000000780980000)
  object space 131072K, 1% used [0x0000000701c00000,0x0000000701e38328,0x0000000709c00000)
 Metaspace       used 12334K, capacity 12486K, committed 12672K, reserved 1060864K
  class space    used 1090K, capacity 1151K, committed 1152K, reserved 1048576K
Event: 15.359 GC heap after
Heap after GC invocations=14 (full 0):
 PSYoungGen      total 44544K, used 192K [0x0000000780980000, 0x0000000783980000, 0x00000007c0000000)
  eden space 40960K, 0% used [0x0000000780980000,0x0000000780980000,0x0000000783180000)
  from space 3584K, 5% used [0x0000000783600000,0x0000000783630000,0x0000000783980000)
  to   space 4096K, 0% used [0x0000000783180000,0x0000000783180000,0x0000000783580000)
 ParOldGen       total 131072K, used 2280K [0x0000000701c00000, 0x0000000709c00000, 0x0000000780980000)
  object space 131072K, 1% used [0x0000000701c00000,0x0000000701e3a328,0x0000000709c00000)
 Metaspace       used 12334K, capacity 12486K, committed 12672K, reserved 1060864K
  class space    used 1090K, capacity 1151K, committed 1152K, reserved 1048576K
}
Event: 15.442 GC heap before
{Heap before GC invocations=15 (full 0):
 PSYoungGen      total 44544K, used 41152K [0x0000000780980000, 0x0000000783980000, 0x00000007c0000000)
  eden space 40960K, 100% used [0x0000000780980000,0x0000000783180000,0x0000000783180000)
  from space 3584K, 5% used [0x0000000783600000,0x0000000783630000,0x0000000783980000)
  to   space 4096K, 0% used [0x0000000783180000,0x0000000783180000,0x0000000783580000)
 ParOldGen       total 131072K, used 2280K [0x0000000701c00000, 0x0000000709c00000, 0x0000000780980000)
  object space 131072K, 1% used [0x0000000701c00000,0x0000000701e3a328,0x0000000709c00000)
 Metaspace       used 12334K, capacity 12486K, committed 12672K, reserved 1060864K
  class space    used 1090K, capacity 1151K, committed 1152K, reserved 1048576K
Event: 15.443 GC heap after
Heap after GC invocations=15 (full 0):
 PSYoungGen      total 40960K, used 128K [0x0000000780980000, 0x0000000783900000, 0x00000007c0000000)
  eden space 40448K, 0% used [0x0000000780980000,0x0000000780980000,0x0000000783100000)
  from space 512K, 25% used [0x0000000783180000,0x00000007831a0000,0x0000000783200000)
  to   space 4096K, 0% used [0x0000000783500000,0x0000000783500000,0x0000000783900000)
 ParOldGen       total 131072K, used 2304K [0x0000000701c00000, 0x0000000709c00000, 0x0000000780980000)
  object space 131072K, 1% used [0x0000000701c00000,0x0000000701e40328,0x0000000709c00000)
 Metaspace       used 12334K, capacity 12486K, committed 12672K, reserved 1060864K
  class space    used 1090K, capacity 1151K, committed 1152K, reserved 1048576K
}
Event: 15.516 GC heap before
{Heap before GC invocations=16 (full 0):
 PSYoungGen      total 40960K, used 40576K [0x0000000780980000, 0x0000000783900000, 0x00000007c0000000)
  eden space 40448K, 100% used [0x0000000780980000,0x0000000783100000,0x0000000783100000)
  from space 512K, 25% used [0x0000000783180000,0x00000007831a0000,0x0000000783200000)
  to   space 4096K, 0% used [0x0000000783500000,0x0000000783500000,0x0000000783900000)
 ParOldGen       total 131072K, used 2304K [0x0000000701c00000, 0x0000000709c00000, 0x0000000780980000)
  object space 131072K, 1% used [0x0000000701c00000,0x0000000701e40328,0x0000000709c00000)
 Metaspace       used 12334K, capacity 12486K, committed 12672K, reserved 1060864K
  class space    used 1090K, capacity 1151K, committed 1152K, reserved 1048576K
Event: 15.516 GC heap after
Heap after GC invocations=16 (full 0):
 PSYoungGen      total 43520K, used 128K [0x0000000780980000, 0x0000000783880000, 0x00000007c0000000)
  eden space 39936K, 0% used [0x0000000780980000,0x0000000780980000,0x0000000783080000)
  from space 3584K, 3% used [0x0000000783500000,0x0000000783520000,0x0000000783880000)
  to   space 4096K, 0% used [0x0000000783080000,0x0000000783080000,0x0000000783480000)
 ParOldGen       total 131072K, used 2328K [0x0000000701c00000, 0x0000000709c00000, 0x0000000780980000)
  object space 131072K, 1% used [0x0000000701c00000,0x0000000701e46328,0x0000000709c00000)
 Metaspace       used 12334K, capacity 12486K, committed 12672K, reserved 1060864K
  class space    used 1090K, capacity 1151K, committed 1152K, reserved 1048576K
}
Event: 15.594 GC heap before
{Heap before GC invocations=17 (full 0):
 PSYoungGen      total 43520K, used 40064K [0x0000000780980000, 0x0000000783880000, 0x00000007c0000000)
  eden space 39936K, 100% used [0x0000000780980000,0x0000000783080000,0x0000000783080000)
  from space 3584K, 3% used [0x0000000783500000,0x0000000783520000,0x0000000783880000)
  to   space 4096K, 0% used [0x0000000783080000,0x0000000783080000,0x0000000783480000)
 ParOldGen       total 131072K, used 2328K [0x0000000701c00000, 0x0000000709c00000, 0x0000000780980000)
  object space 131072K, 1% used [0x0000000701c00000,0x0000000701e46328,0x0000000709c00000)
 Metaspace       used 12341K, capacity 12486K, committed 12672K, reserved 1060864K
  class space    used 1090K, capacity 1151K, committed 1152K, reserved 1048576K
Event: 15.595 GC heap after
Heap after GC invocations=17 (full 0):
 PSYoungGen      total 39936K, used 64K [0x0000000780980000, 0x0000000783800000, 0x00000007c0000000)
  eden space 39424K, 0% used [0x0000000780980000,0x0000000780980000,0x0000000783000000)
  from space 512K, 12% used [0x0000000783080000,0x0000000783090000,0x0000000783100000)
  to   space 4096K, 0% used [0x0000000783400000,0x0000000783400000,0x0000000783800000)
 ParOldGen       total 131072K, used 2336K [0x0000000701c00000, 0x0000000709c00000, 0x0000000780980000)
  object space 131072K, 1% used [0x0000000701c00000,0x0000000701e48328,0x0000000709c00000)
 Metaspace       used 12341K, capacity 12486K, committed 12672K, reserved 1060864K
  class space    used 1090K, capacity 1151K, committed 1152K, reserved 1048576K
}
Event: 15.690 GC heap before
{Heap before GC invocations=18 (full 0):
 PSYoungGen      total 39936K, used 39488K [0x0000000780980000, 0x0000000783800000, 0x00000007c0000000)
  eden space 39424K, 100% used [0x0000000780980000,0x0000000783000000,0x0000000783000000)
  from space 512K, 12% used [0x0000000783080000,0x0000000783090000,0x0000000783100000)
  to   space 4096K, 0% used [0x0000000783400000,0x0000000783400000,0x0000000783800000)
 ParOldGen       total 131072K, used 2336K [0x0000000701c00000, 0x0000000709c00000, 0x0000000780980000)
  object space 131072K, 1% used [0x0000000701c00000,0x0000000701e48328,0x0000000709c00000)
 Metaspace       used 12343K, capacity 12486K, committed 12672K, reserved 1060864K
  class space    used 1090K, capacity 1151K, committed 1152K, reserved 1048576K
Event: 15.691 GC heap after
Heap after GC invocations=18 (full 0):
 PSYoungGen      total 41472K, used 64K [0x0000000780980000, 0x0000000783680000, 0x00000007c0000000)
  eden space 38912K, 0% used [0x0000000780980000,0x0000000780980000,0x0000000782f80000)
  from space 2560K, 2% used [0x0000000783400000,0x0000000783410000,0x0000000783680000)
  to   space 3584K, 0% used [0x0000000782f80000,0x0000000782f80000,0x0000000783300000)
 ParOldGen       total 131072K, used 2352K [0x0000000701c00000, 0x0000000709c00000, 0x0000000780980000)
  object space 131072K, 1% used [0x0000000701c00000,0x0000000701e4c328,0x0000000709c00000)
 Metaspace       used 12343K, capacity 12486K, committed 12672K, reserved 1060864K
  class space    used 1090K, capacity 1151K, committed 1152K, reserved 1048576K
}

