# JRE version: Java(TM) SE Runtime Environment (8.0_171-b11) (build 1.8.0_171-b11)
# Java VM: Java HotSpot(TM) 64-Bit Server VM (25.171-b11 mixed mode windows-amd64 compressed oops)
Heap:
 PSYoungGen      total 96768K, used 70907K [0x0000000780980000, 0x0000000786a00000, 0x00000007c0000000)
  eden space 94720K, 74% used [0x0000000780980000,0x0000000784ebecf0,0x0000000786600000)
  from space 2048K, 0% used [0x0000000786800000,0x0000000786800000,0x0000000786a00000)
  to   space 2048K, 0% used [0x0000000786600000,0x0000000786600000,0x0000000786800000)
 ParOldGen       total 132096K, used 43586K [0x0000000701c00000, 0x0000000709d00000, 0x0000000780980000)
  object space 132096K, 32% used [0x0000000701c00000,0x0000000704690bd0,0x0000000709d00000)
 Metaspace       used 17340K, capacity 17540K, committed 17792K, reserved 1064960K
  class space    used 1724K, capacity 1809K, committed 1920K, reserved 1048576K
GC Heap History (10 events):
Event: 9.829 GC heap before
{Heap before GC invocations=25 (full 0):
 PSYoungGen      total 60928K, used 60512K [0x0000000780980000, 0x0000000785500000, 0x00000007c0000000)
  eden space 60416K, 100% used [0x0000000780980000,0x0000000784480000,0x0000000784480000)
  from space 512K, 18% used [0x0000000785480000,0x0000000785498000,0x0000000785500000)
  to   space 2560K, 0% used [0x0000000785000000,0x0000000785000000,0x0000000785280000)
 ParOldGen       total 131072K, used 3812K [0x0000000701c00000, 0x0000000709c00000, 0x0000000780980000)
  object space 131072K, 2% used [0x0000000701c00000,0x0000000701fb92d0,0x0000000709c00000)
 Metaspace       used 17124K, capacity 17316K, committed 17408K, reserved 1064960K
  class space    used 1689K, capacity 1777K, committed 1792K, reserved 1048576K
Event: 9.830 GC heap after
Heap after GC invocations=25 (full 0):
 PSYoungGen      total 61440K, used 128K [0x0000000780980000, 0x0000000785500000, 0x00000007c0000000)
  eden space 58880K, 0% used [0x0000000780980000,0x0000000780980000,0x0000000784300000)
  from space 2560K, 5% used [0x0000000785000000,0x0000000785020000,0x0000000785280000)
  to   space 2560K, 0% used [0x0000000785280000,0x0000000785280000,0x0000000785500000)
 ParOldGen       total 131072K, used 3812K [0x0000000701c00000, 0x0000000709c00000, 0x0000000780980000)
  object space 131072K, 2% used [0x0000000701c00000,0x0000000701fb92d0,0x0000000709c00000)
 Metaspace       used 17124K, capacity 17316K, committed 17408K, reserved 1064960K
  class space    used 1689K, capacity 1777K, committed 1792K, reserved 1048576K
}
Event: 10.182 GC heap before
{Heap before GC invocations=26 (full 0):
 PSYoungGen      total 61440K, used 55799K [0x0000000780980000, 0x0000000785500000, 0x00000007c0000000)
  eden space 58880K, 94% used [0x0000000780980000,0x0000000783fddd88,0x0000000784300000)
  from space 2560K, 5% used [0x0000000785000000,0x0000000785020000,0x0000000785280000)
  to   space 2560K, 0% used [0x0000000785280000,0x0000000785280000,0x0000000785500000)
 ParOldGen       total 131072K, used 3812K [0x0000000701c00000, 0x0000000709c00000, 0x0000000780980000)
  object space 131072K, 2% used [0x0000000701c00000,0x0000000701fb92d0,0x0000000709c00000)
 Metaspace       used 17292K, capacity 17476K, committed 17792K, reserved 1064960K
  class space    used 1721K, capacity 1809K, committed 1920K, reserved 1048576K
Event: 10.199 GC heap after
Heap after GC invocations=26 (full 0):
 PSYoungGen      total 75264K, used 288K [0x0000000780980000, 0x0000000785880000, 0x00000007c0000000)
  eden space 72704K, 0% used [0x0000000780980000,0x0000000780980000,0x0000000785080000)
  from space 2560K, 11% used [0x0000000785280000,0x00000007852c8000,0x0000000785500000)
  to   space 2048K, 0% used [0x0000000785080000,0x0000000785080000,0x0000000785280000)
 ParOldGen       total 131072K, used 69528K [0x0000000701c00000, 0x0000000709c00000, 0x0000000780980000)
  object space 131072K, 53% used [0x0000000701c00000,0x0000000705fe6360,0x0000000709c00000)
 Metaspace       used 17292K, capacity 17476K, committed 17792K, reserved 1064960K
  class space    used 1721K, capacity 1809K, committed 1920K, reserved 1048576K
}
Event: 10.864 GC heap before
{Heap before GC invocations=27 (full 0):
 PSYoungGen      total 75264K, used 70025K [0x0000000780980000, 0x0000000785880000, 0x00000007c0000000)
  eden space 72704K, 95% used [0x0000000780980000,0x0000000784d9a428,0x0000000785080000)
  from space 2560K, 11% used [0x0000000785280000,0x00000007852c8000,0x0000000785500000)
  to   space 2048K, 0% used [0x0000000785080000,0x0000000785080000,0x0000000785280000)
 ParOldGen       total 131072K, used 69528K [0x0000000701c00000, 0x0000000709c00000, 0x0000000780980000)
  object space 131072K, 53% used [0x0000000701c00000,0x0000000705fe6360,0x0000000709c00000)
 Metaspace       used 17312K, capacity 17540K, committed 17792K, reserved 1064960K
  class space    used 1724K, capacity 1809K, committed 1920K, reserved 1048576K
Event: 10.865 GC heap after
Heap after GC invocations=27 (full 0):
 PSYoungGen      total 74752K, used 256K [0x0000000780980000, 0x0000000786a00000, 0x00000007c0000000)
  eden space 72704K, 0% used [0x0000000780980000,0x0000000780980000,0x0000000785080000)
  from space 2048K, 12% used [0x0000000785080000,0x00000007850c0000,0x0000000785280000)
  to   space 2048K, 0% used [0x0000000786800000,0x0000000786800000,0x0000000786a00000)
 ParOldGen       total 131072K, used 69584K [0x0000000701c00000, 0x0000000709c00000, 0x0000000780980000)
  object space 131072K, 53% used [0x0000000701c00000,0x0000000705ff4360,0x0000000709c00000)
 Metaspace       used 17312K, capacity 17540K, committed 17792K, reserved 1064960K
  class space    used 1724K, capacity 1809K, committed 1920K, reserved 1048576K
}
Event: 11.395 GC heap before
{Heap before GC invocations=28 (full 0):
 PSYoungGen      total 74752K, used 70535K [0x0000000780980000, 0x0000000786a00000, 0x00000007c0000000)
  eden space 72704K, 96% used [0x0000000780980000,0x0000000784e21eb0,0x0000000785080000)
  from space 2048K, 12% used [0x0000000785080000,0x00000007850c0000,0x0000000785280000)
  to   space 2048K, 0% used [0x0000000786800000,0x0000000786800000,0x0000000786a00000)
 ParOldGen       total 131072K, used 69584K [0x0000000701c00000, 0x0000000709c00000, 0x0000000780980000)
  object space 131072K, 53% used [0x0000000701c00000,0x0000000705ff4360,0x0000000709c00000)
 Metaspace       used 17338K, capacity 17540K, committed 17792K, reserved 1064960K
  class space    used 1724K, capacity 1809K, committed 1920K, reserved 1048576K
Event: 11.409 GC heap after
Heap after GC invocations=28 (full 0):
 PSYoungGen      total 96768K, used 288K [0x0000000780980000, 0x0000000786a00000, 0x00000007c0000000)
  eden space 94720K, 0% used [0x0000000780980000,0x0000000780980000,0x0000000786600000)
  from space 2048K, 14% used [0x0000000786800000,0x0000000786848000,0x0000000786a00000)
  to   space 2048K, 0% used [0x0000000786600000,0x0000000786600000,0x0000000786800000)
 ParOldGen       total 131072K, used 99999K [0x0000000701c00000, 0x0000000709c00000, 0x0000000780980000)
  object space 131072K, 76% used [0x0000000701c00000,0x0000000707da7fb0,0x0000000709c00000)
 Metaspace       used 17338K, capacity 17540K, committed 17792K, reserved 1064960K
  class space    used 1724K, capacity 1809K, committed 1920K, reserved 1048576K
}
Event: 11.409 GC heap before
{Heap before GC invocations=29 (full 1):
 PSYoungGen      total 96768K, used 288K [0x0000000780980000, 0x0000000786a00000, 0x00000007c0000000)
  eden space 94720K, 0% used [0x0000000780980000,0x0000000780980000,0x0000000786600000)
  from space 2048K, 14% used [0x0000000786800000,0x0000000786848000,0x0000000786a00000)
  to   space 2048K, 0% used [0x0000000786600000,0x0000000786600000,0x0000000786800000)
 ParOldGen       total 131072K, used 99999K [0x0000000701c00000, 0x0000000709c00000, 0x0000000780980000)
  object space 131072K, 76% used [0x0000000701c00000,0x0000000707da7fb0,0x0000000709c00000)
 Metaspace       used 17338K, capacity 17540K, committed 17792K, reserved 1064960K
  class space    used 1724K, capacity 1809K, committed 1920K, reserved 1048576K
Event: 11.439 GC heap after
Heap after GC invocations=29 (full 1):
 PSYoungGen      total 96768K, used 0K [0x0000000780980000, 0x0000000786a00000, 0x00000007c0000000)
  eden space 94720K, 0% used [0x0000000780980000,0x0000000780980000,0x0000000786600000)
  from space 2048K, 0% used [0x0000000786800000,0x0000000786800000,0x0000000786a00000)
  to   space 2048K, 0% used [0x0000000786600000,0x0000000786600000,0x0000000786800000)
 ParOldGen       total 132096K, used 43586K [0x0000000701c00000, 0x0000000709d00000, 0x0000000780980000)
  object space 132096K, 32% used [0x0000000701c00000,0x0000000704690bd0,0x0000000709d00000)
 Metaspace       used 17338K, capacity 17540K, committed 17792K, reserved 1064960K
  class space    used 1724K, capacity 1809K, committed 1920K, reserved 1048576K
}

