# JRE version: Java(TM) SE Runtime Environment (8.0_171-b11) (build 1.8.0_171-b11)
# Java VM: Java HotSpot(TM) 64-Bit Server VM (25.171-b11 mixed mode windows-amd64 compressed oops)
Heap:
 PSYoungGen      total 41472K, used 27428K [0x0000000780980000, 0x0000000783680000, 0x00000007c0000000)
  eden space 38912K, 70% used [0x0000000780980000,0x0000000782431388,0x0000000782f80000)
  from space 2560K, 3% used [0x0000000783400000,0x0000000783418000,0x0000000783680000)
  to   space 3584K, 0% used [0x0000000782f80000,0x0000000782f80000,0x0000000783300000)
 ParOldGen       total 131072K, used 2384K [0x0000000701c00000, 0x0000000709c00000, 0x0000000780980000)
  object space 131072K, 1% used [0x0000000701c00000,0x0000000701e54308,0x0000000709c00000)
 Metaspace       used 13100K, capacity 13288K, committed 13568K, reserved 1060864K
  class space    used 1171K, capacity 1248K, committed 1280K, reserved 1048576K
GC Heap History (10 events):
Event: 5.940 GC heap before
{Heap before GC invocations=14 (full 0):
 PSYoungGen      total 41984K, used 41536K [0x0000000780980000, 0x0000000783a00000, 0x00000007c0000000)
  eden space 41472K, 100% used [0x0000000780980000,0x0000000783200000,0x0000000783200000)
  from space 512K, 12% used [0x0000000783280000,0x0000000783290000,0x0000000783300000)
  to   space 4096K, 0% used [0x0000000783600000,0x0000000783600000,0x0000000783a00000)
 ParOldGen       total 131072K, used 2296K [0x0000000701c00000, 0x0000000709c00000, 0x0000000780980000)
  object space 131072K, 1% used [0x0000000701c00000,0x0000000701e3e308,0x0000000709c00000)
 Metaspace       used 12329K, capacity 12486K, committed 12672K, reserved 1060864K
  class space    used 1090K, capacity 1151K, committed 1152K, reserved 1048576K
Event: 5.940 GC heap after
Heap after GC invocations=14 (full 0):
 PSYoungGen      total 44544K, used 128K [0x0000000780980000, 0x0000000783980000, 0x00000007c0000000)
  eden space 40960K, 0% used [0x0000000780980000,0x0000000780980000,0x0000000783180000)
  from space 3584K, 3% used [0x0000000783600000,0x0000000783620000,0x0000000783980000)
  to   space 4096K, 0% used [0x0000000783180000,0x0000000783180000,0x0000000783580000)
 ParOldGen       total 131072K, used 2304K [0x0000000701c00000, 0x0000000709c00000, 0x0000000780980000)
  object space 131072K, 1% used [0x0000000701c00000,0x0000000701e40308,0x0000000709c00000)
 Metaspace       used 12329K, capacity 12486K, committed 12672K, reserved 1060864K
  class space    used 1090K, capacity 1151K, committed 1152K, reserved 1048576K
}
Event: 6.018 GC heap before
{Heap before GC invocations=15 (full 0):
 PSYoungGen      total 44544K, used 41088K [0x0000000780980000, 0x0000000783980000, 0x00000007c0000000)
  eden space 40960K, 100% used [0x0000000780980000,0x0000000783180000,0x0000000783180000)
  from space 3584K, 3% used [0x0000000783600000,0x0000000783620000,0x0000000783980000)
  to   space 4096K, 0% used [0x0000000783180000,0x0000000783180000,0x0000000783580000)
 ParOldGen       total 131072K, used 2304K [0x0000000701c00000, 0x0000000709c00000, 0x0000000780980000)
  object space 131072K, 1% used [0x0000000701c00000,0x0000000701e40308,0x0000000709c00000)
 Metaspace       used 12329K, capacity 12486K, committed 12672K, reserved 1060864K
  class space    used 1090K, capacity 1151K, committed 1152K, reserved 1048576K
Event: 6.019 GC heap after
Heap after GC invocations=15 (full 0):
 PSYoungGen      total 40960K, used 192K [0x0000000780980000, 0x0000000783900000, 0x00000007c0000000)
  eden space 40448K, 0% used [0x0000000780980000,0x0000000780980000,0x0000000783100000)
  from space 512K, 37% used [0x0000000783180000,0x00000007831b0000,0x0000000783200000)
  to   space 4096K, 0% used [0x0000000783500000,0x0000000783500000,0x0000000783900000)
 ParOldGen       total 131072K, used 2344K [0x0000000701c00000, 0x0000000709c00000, 0x0000000780980000)
  object space 131072K, 1% used [0x0000000701c00000,0x0000000701e4a308,0x0000000709c00000)
 Metaspace       used 12329K, capacity 12486K, committed 12672K, reserved 1060864K
  class space    used 1090K, capacity 1151K, committed 1152K, reserved 1048576K
}
Event: 6.120 GC heap before
{Heap before GC invocations=16 (full 0):
 PSYoungGen      total 40960K, used 40640K [0x0000000780980000, 0x0000000783900000, 0x00000007c0000000)
  eden space 40448K, 100% used [0x0000000780980000,0x0000000783100000,0x0000000783100000)
  from space 512K, 37% used [0x0000000783180000,0x00000007831b0000,0x0000000783200000)
  to   space 4096K, 0% used [0x0000000783500000,0x0000000783500000,0x0000000783900000)
 ParOldGen       total 131072K, used 2344K [0x0000000701c00000, 0x0000000709c00000, 0x0000000780980000)
  object space 131072K, 1% used [0x0000000701c00000,0x0000000701e4a308,0x0000000709c00000)
 Metaspace       used 12329K, capacity 12486K, committed 12672K, reserved 1060864K
  class space    used 1090K, capacity 1151K, committed 1152K, reserved 1048576K
Event: 6.121 GC heap after
Heap after GC invocations=16 (full 0):
 PSYoungGen      total 43520K, used 96K [0x0000000780980000, 0x0000000783880000, 0x00000007c0000000)
  eden space 39936K, 0% used [0x0000000780980000,0x0000000780980000,0x0000000783080000)
  from space 3584K, 2% used [0x0000000783500000,0x0000000783518000,0x0000000783880000)
  to   space 4096K, 0% used [0x0000000783080000,0x0000000783080000,0x0000000783480000)
 ParOldGen       total 131072K, used 2368K [0x0000000701c00000, 0x0000000709c00000, 0x0000000780980000)
  object space 131072K, 1% used [0x0000000701c00000,0x0000000701e50308,0x0000000709c00000)
 Metaspace       used 12329K, capacity 12486K, committed 12672K, reserved 1060864K
  class space    used 1090K, capacity 1151K, committed 1152K, reserved 1048576K
}
Event: 6.211 GC heap before
{Heap before GC invocations=17 (full 0):
 PSYoungGen      total 43520K, used 40032K [0x0000000780980000, 0x0000000783880000, 0x00000007c0000000)
  eden space 39936K, 100% used [0x0000000780980000,0x0000000783080000,0x0000000783080000)
  from space 3584K, 2% used [0x0000000783500000,0x0000000783518000,0x0000000783880000)
  to   space 4096K, 0% used [0x0000000783080000,0x0000000783080000,0x0000000783480000)
 ParOldGen       total 131072K, used 2368K [0x0000000701c00000, 0x0000000709c00000, 0x0000000780980000)
  object space 131072K, 1% used [0x0000000701c00000,0x0000000701e50308,0x0000000709c00000)
 Metaspace       used 12336K, capacity 12486K, committed 12672K, reserved 1060864K
  class space    used 1090K, capacity 1151K, committed 1152K, reserved 1048576K
Event: 6.211 GC heap after
Heap after GC invocations=17 (full 0):
 PSYoungGen      total 39936K, used 96K [0x0000000780980000, 0x0000000783800000, 0x00000007c0000000)
  eden space 39424K, 0% used [0x0000000780980000,0x0000000780980000,0x0000000783000000)
  from space 512K, 18% used [0x0000000783080000,0x0000000783098000,0x0000000783100000)
  to   space 4096K, 0% used [0x0000000783400000,0x0000000783400000,0x0000000783800000)
 ParOldGen       total 131072K, used 2376K [0x0000000701c00000, 0x0000000709c00000, 0x0000000780980000)
  object space 131072K, 1% used [0x0000000701c00000,0x0000000701e52308,0x0000000709c00000)
 Metaspace       used 12336K, capacity 12486K, committed 12672K, reserved 1060864K
  class space    used 1090K, capacity 1151K, committed 1152K, reserved 1048576K
}
Event: 6.289 GC heap before
{Heap before GC invocations=18 (full 0):
 PSYoungGen      total 39936K, used 39520K [0x0000000780980000, 0x0000000783800000, 0x00000007c0000000)
  eden space 39424K, 100% used [0x0000000780980000,0x0000000783000000,0x0000000783000000)
  from space 512K, 18% used [0x0000000783080000,0x0000000783098000,0x0000000783100000)
  to   space 4096K, 0% used [0x0000000783400000,0x0000000783400000,0x0000000783800000)
 ParOldGen       total 131072K, used 2376K [0x0000000701c00000, 0x0000000709c00000, 0x0000000780980000)
  object space 131072K, 1% used [0x0000000701c00000,0x0000000701e52308,0x0000000709c00000)
 Metaspace       used 12338K, capacity 12486K, committed 12672K, reserved 1060864K
  class space    used 1090K, capacity 1151K, committed 1152K, reserved 1048576K
Event: 6.289 GC heap after
Heap after GC invocations=18 (full 0):
 PSYoungGen      total 41472K, used 96K [0x0000000780980000, 0x0000000783680000, 0x00000007c0000000)
  eden space 38912K, 0% used [0x0000000780980000,0x0000000780980000,0x0000000782f80000)
  from space 2560K, 3% used [0x0000000783400000,0x0000000783418000,0x0000000783680000)
  to   space 3584K, 0% used [0x0000000782f80000,0x0000000782f80000,0x0000000783300000)
 ParOldGen       total 131072K, used 2384K [0x0000000701c00000, 0x0000000709c00000, 0x0000000780980000)
  object space 131072K, 1% used [0x0000000701c00000,0x0000000701e54308,0x0000000709c00000)
 Metaspace       used 12338K, capacity 12486K, committed 12672K, reserved 1060864K
  class space    used 1090K, capacity 1151K, committed 1152K, reserved 1048576K
}

